2021-06-29 09:43:33.196  WARN 21884 --- [HikariPool-4 housekeeper] com.zaxxer.hikari.pool.HikariPool        : HikariPool-4 - Thread starvation or clock leap detected (housekeeper delta=10h4m21s981ms357µs200ns).
2021-06-29 11:10:11.910  INFO 31888 --- [restartedMain] c.e.addressbook.AddressBookApplication   : Starting AddressBookApplication using Java 15.0.2 on LAPTOP-Q9T3UUC8 with PID 31888 (C:\Users\tanya\Documents\workspace-spring-tool-suite-4-4.10.0.RELEASE\addressBook\bin\main started by tanya in C:\Users\tanya\Documents\workspace-spring-tool-suite-4-4.10.0.RELEASE\addressBook)
2021-06-29 11:10:11.914 DEBUG 31888 --- [restartedMain] c.e.addressbook.AddressBookApplication   : Running with Spring Boot v2.5.1, Spring v5.3.8
2021-06-29 11:10:11.934  INFO 31888 --- [restartedMain] c.e.addressbook.AddressBookApplication   : The following profiles are active: dev
2021-06-29 11:10:18.781  WARN 31888 --- [restartedMain] JpaBaseConfiguration$JpaWebConfiguration : spring.jpa.open-in-view is enabled by default. Therefore, database queries may be performed during view rendering. Explicitly configure spring.jpa.open-in-view to disable this warning
2021-06-29 11:10:20.128  INFO 31888 --- [restartedMain] c.e.addressbook.AddressBookApplication   : Started AddressBookApplication in 8.661 seconds (JVM running for 9.812)
2021-06-29 11:10:20.137  INFO 31888 --- [restartedMain] c.e.addressbook.AddressBookApplication   : Address Book app started in DEV Environment
2021-06-29 11:10:20.142  INFO 31888 --- [restartedMain] c.e.addressbook.AddressBookApplication   : Address Book DB user is addressbookuser 
2021-06-29 11:14:18.087  INFO 31888 --- [restartedMain] c.e.addressbook.AddressBookApplication   : Starting AddressBookApplication using Java 15.0.2 on LAPTOP-Q9T3UUC8 with PID 31888 (C:\Users\tanya\Documents\workspace-spring-tool-suite-4-4.10.0.RELEASE\addressBook\bin\main started by tanya in C:\Users\tanya\Documents\workspace-spring-tool-suite-4-4.10.0.RELEASE\addressBook)
2021-06-29 11:14:18.088 DEBUG 31888 --- [restartedMain] c.e.addressbook.AddressBookApplication   : Running with Spring Boot v2.5.1, Spring v5.3.8
2021-06-29 11:14:18.088  INFO 31888 --- [restartedMain] c.e.addressbook.AddressBookApplication   : The following profiles are active: dev
2021-06-29 11:14:18.678  WARN 31888 --- [restartedMain] ConfigServletWebServerApplicationContext : Exception encountered during context initialization - cancelling refresh attempt: org.springframework.beans.factory.UnsatisfiedDependencyException: Error creating bean with name 'addressBookController': Unsatisfied dependency expressed through field 'addressBookService'; nested exception is org.springframework.beans.factory.UnsatisfiedDependencyException: Error creating bean with name 'addressBookService': Unsatisfied dependency expressed through field 'addressBookRepository'; nested exception is org.springframework.beans.factory.BeanCreationException: Error creating bean with name 'addressBookRepository' defined in com.example.addressbook.repository.AddressBookRepository defined in @EnableJpaRepositories declared on JpaRepositoriesRegistrar.EnableJpaRepositoriesConfiguration: Invocation of init method failed; nested exception is org.springframework.data.repository.query.QueryCreationException: Could not create query for public abstract java.util.List com.example.addressbook.repository.AddressBookRepository.findContactDetails(java.lang.String)! Reason: Using named parameters for method public abstract java.util.List com.example.addressbook.repository.AddressBookRepository.findContactDetails(java.lang.String) but parameter 'Optional[name]' not found in annotated query 'Select * from address_book_entries where name LIKE %:na%'!; nested exception is java.lang.IllegalStateException: Using named parameters for method public abstract java.util.List com.example.addressbook.repository.AddressBookRepository.findContactDetails(java.lang.String) but parameter 'Optional[name]' not found in annotated query 'Select * from address_book_entries where name LIKE %:na%'!
2021-06-29 11:14:18.765 ERROR 31888 --- [restartedMain] o.s.boot.SpringApplication               : Application run failed

org.springframework.beans.factory.UnsatisfiedDependencyException: Error creating bean with name 'addressBookController': Unsatisfied dependency expressed through field 'addressBookService'; nested exception is org.springframework.beans.factory.UnsatisfiedDependencyException: Error creating bean with name 'addressBookService': Unsatisfied dependency expressed through field 'addressBookRepository'; nested exception is org.springframework.beans.factory.BeanCreationException: Error creating bean with name 'addressBookRepository' defined in com.example.addressbook.repository.AddressBookRepository defined in @EnableJpaRepositories declared on JpaRepositoriesRegistrar.EnableJpaRepositoriesConfiguration: Invocation of init method failed; nested exception is org.springframework.data.repository.query.QueryCreationException: Could not create query for public abstract java.util.List com.example.addressbook.repository.AddressBookRepository.findContactDetails(java.lang.String)! Reason: Using named parameters for method public abstract java.util.List com.example.addressbook.repository.AddressBookRepository.findContactDetails(java.lang.String) but parameter 'Optional[name]' not found in annotated query 'Select * from address_book_entries where name LIKE %:na%'!; nested exception is java.lang.IllegalStateException: Using named parameters for method public abstract java.util.List com.example.addressbook.repository.AddressBookRepository.findContactDetails(java.lang.String) but parameter 'Optional[name]' not found in annotated query 'Select * from address_book_entries where name LIKE %:na%'!
	at org.springframework.beans.factory.annotation.AutowiredAnnotationBeanPostProcessor$AutowiredFieldElement.resolveFieldValue(AutowiredAnnotationBeanPostProcessor.java:660) ~[spring-beans-5.3.8.jar:5.3.8]
	at org.springframework.beans.factory.annotation.AutowiredAnnotationBeanPostProcessor$AutowiredFieldElement.inject(AutowiredAnnotationBeanPostProcessor.java:640) ~[spring-beans-5.3.8.jar:5.3.8]
	at org.springframework.beans.factory.annotation.InjectionMetadata.inject(InjectionMetadata.java:119) ~[spring-beans-5.3.8.jar:5.3.8]
	at org.springframework.beans.factory.annotation.AutowiredAnnotationBeanPostProcessor.postProcessProperties(AutowiredAnnotationBeanPostProcessor.java:399) ~[spring-beans-5.3.8.jar:5.3.8]
	at org.springframework.beans.factory.support.AbstractAutowireCapableBeanFactory.populateBean(AbstractAutowireCapableBeanFactory.java:1413) ~[spring-beans-5.3.8.jar:5.3.8]
	at org.springframework.beans.factory.support.AbstractAutowireCapableBeanFactory.doCreateBean(AbstractAutowireCapableBeanFactory.java:601) ~[spring-beans-5.3.8.jar:5.3.8]
	at org.springframework.beans.factory.support.AbstractAutowireCapableBeanFactory.createBean(AbstractAutowireCapableBeanFactory.java:524) ~[spring-beans-5.3.8.jar:5.3.8]
	at org.springframework.beans.factory.support.AbstractBeanFactory.lambda$doGetBean$0(AbstractBeanFactory.java:335) ~[spring-beans-5.3.8.jar:5.3.8]
	at org.springframework.beans.factory.support.DefaultSingletonBeanRegistry.getSingleton(DefaultSingletonBeanRegistry.java:234) ~[spring-beans-5.3.8.jar:5.3.8]
	at org.springframework.beans.factory.support.AbstractBeanFactory.doGetBean(AbstractBeanFactory.java:333) ~[spring-beans-5.3.8.jar:5.3.8]
	at org.springframework.beans.factory.support.AbstractBeanFactory.getBean(AbstractBeanFactory.java:208) ~[spring-beans-5.3.8.jar:5.3.8]
	at org.springframework.beans.factory.support.DefaultListableBeanFactory.preInstantiateSingletons(DefaultListableBeanFactory.java:944) ~[spring-beans-5.3.8.jar:5.3.8]
	at org.springframework.context.support.AbstractApplicationContext.finishBeanFactoryInitialization(AbstractApplicationContext.java:918) ~[spring-context-5.3.8.jar:5.3.8]
	at org.springframework.context.support.AbstractApplicationContext.refresh(AbstractApplicationContext.java:583) ~[spring-context-5.3.8.jar:5.3.8]
	at org.springframework.boot.web.servlet.context.ServletWebServerApplicationContext.refresh(ServletWebServerApplicationContext.java:145) ~[spring-boot-2.5.1.jar:2.5.1]
	at org.springframework.boot.SpringApplication.refresh(SpringApplication.java:754) ~[spring-boot-2.5.1.jar:2.5.1]
	at org.springframework.boot.SpringApplication.refreshContext(SpringApplication.java:434) ~[spring-boot-2.5.1.jar:2.5.1]
	at org.springframework.boot.SpringApplication.run(SpringApplication.java:338) ~[spring-boot-2.5.1.jar:2.5.1]
	at org.springframework.boot.SpringApplication.run(SpringApplication.java:1343) ~[spring-boot-2.5.1.jar:2.5.1]
	at org.springframework.boot.SpringApplication.run(SpringApplication.java:1332) ~[spring-boot-2.5.1.jar:2.5.1]
	at com.example.addressbook.AddressBookApplication.main(AddressBookApplication.java:14) ~[main/:na]
	at java.base/jdk.internal.reflect.NativeMethodAccessorImpl.invoke0(Native Method) ~[na:na]
	at java.base/jdk.internal.reflect.NativeMethodAccessorImpl.invoke(NativeMethodAccessorImpl.java:64) ~[na:na]
	at java.base/jdk.internal.reflect.DelegatingMethodAccessorImpl.invoke(DelegatingMethodAccessorImpl.java:43) ~[na:na]
	at java.base/java.lang.reflect.Method.invoke(Method.java:564) ~[na:na]
	at org.springframework.boot.devtools.restart.RestartLauncher.run(RestartLauncher.java:49) ~[spring-boot-devtools-2.5.1.jar:2.5.1]
Caused by: org.springframework.beans.factory.UnsatisfiedDependencyException: Error creating bean with name 'addressBookService': Unsatisfied dependency expressed through field 'addressBookRepository'; nested exception is org.springframework.beans.factory.BeanCreationException: Error creating bean with name 'addressBookRepository' defined in com.example.addressbook.repository.AddressBookRepository defined in @EnableJpaRepositories declared on JpaRepositoriesRegistrar.EnableJpaRepositoriesConfiguration: Invocation of init method failed; nested exception is org.springframework.data.repository.query.QueryCreationException: Could not create query for public abstract java.util.List com.example.addressbook.repository.AddressBookRepository.findContactDetails(java.lang.String)! Reason: Using named parameters for method public abstract java.util.List com.example.addressbook.repository.AddressBookRepository.findContactDetails(java.lang.String) but parameter 'Optional[name]' not found in annotated query 'Select * from address_book_entries where name LIKE %:na%'!; nested exception is java.lang.IllegalStateException: Using named parameters for method public abstract java.util.List com.example.addressbook.repository.AddressBookRepository.findContactDetails(java.lang.String) but parameter 'Optional[name]' not found in annotated query 'Select * from address_book_entries where name LIKE %:na%'!
	at org.springframework.beans.factory.annotation.AutowiredAnnotationBeanPostProcessor$AutowiredFieldElement.resolveFieldValue(AutowiredAnnotationBeanPostProcessor.java:660) ~[spring-beans-5.3.8.jar:5.3.8]
	at org.springframework.beans.factory.annotation.AutowiredAnnotationBeanPostProcessor$AutowiredFieldElement.inject(AutowiredAnnotationBeanPostProcessor.java:640) ~[spring-beans-5.3.8.jar:5.3.8]
	at org.springframework.beans.factory.annotation.InjectionMetadata.inject(InjectionMetadata.java:119) ~[spring-beans-5.3.8.jar:5.3.8]
	at org.springframework.beans.factory.annotation.AutowiredAnnotationBeanPostProcessor.postProcessProperties(AutowiredAnnotationBeanPostProcessor.java:399) ~[spring-beans-5.3.8.jar:5.3.8]
	at org.springframework.beans.factory.support.AbstractAutowireCapableBeanFactory.populateBean(AbstractAutowireCapableBeanFactory.java:1413) ~[spring-beans-5.3.8.jar:5.3.8]
	at org.springframework.beans.factory.support.AbstractAutowireCapableBeanFactory.doCreateBean(AbstractAutowireCapableBeanFactory.java:601) ~[spring-beans-5.3.8.jar:5.3.8]
	at org.springframework.beans.factory.support.AbstractAutowireCapableBeanFactory.createBean(AbstractAutowireCapableBeanFactory.java:524) ~[spring-beans-5.3.8.jar:5.3.8]
	at org.springframework.beans.factory.support.AbstractBeanFactory.lambda$doGetBean$0(AbstractBeanFactory.java:335) ~[spring-beans-5.3.8.jar:5.3.8]
	at org.springframework.beans.factory.support.DefaultSingletonBeanRegistry.getSingleton(DefaultSingletonBeanRegistry.java:234) ~[spring-beans-5.3.8.jar:5.3.8]
	at org.springframework.beans.factory.support.AbstractBeanFactory.doGetBean(AbstractBeanFactory.java:333) ~[spring-beans-5.3.8.jar:5.3.8]
	at org.springframework.beans.factory.support.AbstractBeanFactory.getBean(AbstractBeanFactory.java:208) ~[spring-beans-5.3.8.jar:5.3.8]
	at org.springframework.beans.factory.config.DependencyDescriptor.resolveCandidate(DependencyDescriptor.java:276) ~[spring-beans-5.3.8.jar:5.3.8]
	at org.springframework.beans.factory.support.DefaultListableBeanFactory.doResolveDependency(DefaultListableBeanFactory.java:1380) ~[spring-beans-5.3.8.jar:5.3.8]
	at org.springframework.beans.factory.support.DefaultListableBeanFactory.resolveDependency(DefaultListableBeanFactory.java:1300) ~[spring-beans-5.3.8.jar:5.3.8]
	at org.springframework.beans.factory.annotation.AutowiredAnnotationBeanPostProcessor$AutowiredFieldElement.resolveFieldValue(AutowiredAnnotationBeanPostProcessor.java:657) ~[spring-beans-5.3.8.jar:5.3.8]
	... 25 common frames omitted
Caused by: org.springframework.beans.factory.BeanCreationException: Error creating bean with name 'addressBookRepository' defined in com.example.addressbook.repository.AddressBookRepository defined in @EnableJpaRepositories declared on JpaRepositoriesRegistrar.EnableJpaRepositoriesConfiguration: Invocation of init method failed; nested exception is org.springframework.data.repository.query.QueryCreationException: Could not create query for public abstract java.util.List com.example.addressbook.repository.AddressBookRepository.findContactDetails(java.lang.String)! Reason: Using named parameters for method public abstract java.util.List com.example.addressbook.repository.AddressBookRepository.findContactDetails(java.lang.String) but parameter 'Optional[name]' not found in annotated query 'Select * from address_book_entries where name LIKE %:na%'!; nested exception is java.lang.IllegalStateException: Using named parameters for method public abstract java.util.List com.example.addressbook.repository.AddressBookRepository.findContactDetails(java.lang.String) but parameter 'Optional[name]' not found in annotated query 'Select * from address_book_entries where name LIKE %:na%'!
	at org.springframework.beans.factory.support.AbstractAutowireCapableBeanFactory.initializeBean(AbstractAutowireCapableBeanFactory.java:1786) ~[spring-beans-5.3.8.jar:5.3.8]
	at org.springframework.beans.factory.support.AbstractAutowireCapableBeanFactory.doCreateBean(AbstractAutowireCapableBeanFactory.java:602) ~[spring-beans-5.3.8.jar:5.3.8]
	at org.springframework.beans.factory.support.AbstractAutowireCapableBeanFactory.createBean(AbstractAutowireCapableBeanFactory.java:524) ~[spring-beans-5.3.8.jar:5.3.8]
	at org.springframework.beans.factory.support.AbstractBeanFactory.lambda$doGetBean$0(AbstractBeanFactory.java:335) ~[spring-beans-5.3.8.jar:5.3.8]
	at org.springframework.beans.factory.support.DefaultSingletonBeanRegistry.getSingleton(DefaultSingletonBeanRegistry.java:234) ~[spring-beans-5.3.8.jar:5.3.8]
	at org.springframework.beans.factory.support.AbstractBeanFactory.doGetBean(AbstractBeanFactory.java:333) ~[spring-beans-5.3.8.jar:5.3.8]
	at org.springframework.beans.factory.support.AbstractBeanFactory.getBean(AbstractBeanFactory.java:208) ~[spring-beans-5.3.8.jar:5.3.8]
	at org.springframework.beans.factory.config.DependencyDescriptor.resolveCandidate(DependencyDescriptor.java:276) ~[spring-beans-5.3.8.jar:5.3.8]
	at org.springframework.beans.factory.support.DefaultListableBeanFactory.doResolveDependency(DefaultListableBeanFactory.java:1380) ~[spring-beans-5.3.8.jar:5.3.8]
	at org.springframework.beans.factory.support.DefaultListableBeanFactory.resolveDependency(DefaultListableBeanFactory.java:1300) ~[spring-beans-5.3.8.jar:5.3.8]
	at org.springframework.beans.factory.annotation.AutowiredAnnotationBeanPostProcessor$AutowiredFieldElement.resolveFieldValue(AutowiredAnnotationBeanPostProcessor.java:657) ~[spring-beans-5.3.8.jar:5.3.8]
	... 39 common frames omitted
Caused by: org.springframework.data.repository.query.QueryCreationException: Could not create query for public abstract java.util.List com.example.addressbook.repository.AddressBookRepository.findContactDetails(java.lang.String)! Reason: Using named parameters for method public abstract java.util.List com.example.addressbook.repository.AddressBookRepository.findContactDetails(java.lang.String) but parameter 'Optional[name]' not found in annotated query 'Select * from address_book_entries where name LIKE %:na%'!; nested exception is java.lang.IllegalStateException: Using named parameters for method public abstract java.util.List com.example.addressbook.repository.AddressBookRepository.findContactDetails(java.lang.String) but parameter 'Optional[name]' not found in annotated query 'Select * from address_book_entries where name LIKE %:na%'!
	at org.springframework.data.repository.query.QueryCreationException.create(QueryCreationException.java:101) ~[spring-data-commons-2.5.1.jar:2.5.1]
	at org.springframework.data.repository.core.support.QueryExecutorMethodInterceptor.lookupQuery(QueryExecutorMethodInterceptor.java:106) ~[spring-data-commons-2.5.1.jar:2.5.1]
	at org.springframework.data.repository.core.support.QueryExecutorMethodInterceptor.lambda$mapMethodsToQuery$1(QueryExecutorMethodInterceptor.java:94) ~[spring-data-commons-2.5.1.jar:2.5.1]
	at java.base/java.util.stream.ReferencePipeline$3$1.accept(ReferencePipeline.java:195) ~[na:na]
	at java.base/java.util.Iterator.forEachRemaining(Iterator.java:133) ~[na:na]
	at java.base/java.util.Collections$UnmodifiableCollection$1.forEachRemaining(Collections.java:1056) ~[na:na]
	at java.base/java.util.Spliterators$IteratorSpliterator.forEachRemaining(Spliterators.java:1801) ~[na:na]
	at java.base/java.util.stream.AbstractPipeline.copyInto(AbstractPipeline.java:484) ~[na:na]
	at java.base/java.util.stream.AbstractPipeline.wrapAndCopyInto(AbstractPipeline.java:474) ~[na:na]
	at java.base/java.util.stream.ReduceOps$ReduceOp.evaluateSequential(ReduceOps.java:913) ~[na:na]
	at java.base/java.util.stream.AbstractPipeline.evaluate(AbstractPipeline.java:234) ~[na:na]
	at java.base/java.util.stream.ReferencePipeline.collect(ReferencePipeline.java:578) ~[na:na]
	at org.springframework.data.repository.core.support.QueryExecutorMethodInterceptor.mapMethodsToQuery(QueryExecutorMethodInterceptor.java:96) ~[spring-data-commons-2.5.1.jar:2.5.1]
	at org.springframework.data.repository.core.support.QueryExecutorMethodInterceptor.lambda$new$0(QueryExecutorMethodInterceptor.java:86) ~[spring-data-commons-2.5.1.jar:2.5.1]
	at java.base/java.util.Optional.map(Optional.java:258) ~[na:na]
	at org.springframework.data.repository.core.support.QueryExecutorMethodInterceptor.<init>(QueryExecutorMethodInterceptor.java:86) ~[spring-data-commons-2.5.1.jar:2.5.1]
	at org.springframework.data.repository.core.support.RepositoryFactorySupport.getRepository(RepositoryFactorySupport.java:360) ~[spring-data-commons-2.5.1.jar:2.5.1]
	at org.springframework.data.repository.core.support.RepositoryFactoryBeanSupport.lambda$afterPropertiesSet$5(RepositoryFactoryBeanSupport.java:323) ~[spring-data-commons-2.5.1.jar:2.5.1]
	at org.springframework.data.util.Lazy.getNullable(Lazy.java:230) ~[spring-data-commons-2.5.1.jar:2.5.1]
	at org.springframework.data.util.Lazy.get(Lazy.java:114) ~[spring-data-commons-2.5.1.jar:2.5.1]
	at org.springframework.data.repository.core.support.RepositoryFactoryBeanSupport.afterPropertiesSet(RepositoryFactoryBeanSupport.java:329) ~[spring-data-commons-2.5.1.jar:2.5.1]
	at org.springframework.data.jpa.repository.support.JpaRepositoryFactoryBean.afterPropertiesSet(JpaRepositoryFactoryBean.java:144) ~[spring-data-jpa-2.5.1.jar:2.5.1]
	at org.springframework.beans.factory.support.AbstractAutowireCapableBeanFactory.invokeInitMethods(AbstractAutowireCapableBeanFactory.java:1845) ~[spring-beans-5.3.8.jar:5.3.8]
	at org.springframework.beans.factory.support.AbstractAutowireCapableBeanFactory.initializeBean(AbstractAutowireCapableBeanFactory.java:1782) ~[spring-beans-5.3.8.jar:5.3.8]
	... 49 common frames omitted
Caused by: java.lang.IllegalStateException: Using named parameters for method public abstract java.util.List com.example.addressbook.repository.AddressBookRepository.findContactDetails(java.lang.String) but parameter 'Optional[name]' not found in annotated query 'Select * from address_book_entries where name LIKE %:na%'!
	at org.springframework.data.jpa.repository.query.JpaQueryMethod.assertParameterNamesInAnnotatedQuery(JpaQueryMethod.java:172) ~[spring-data-jpa-2.5.1.jar:2.5.1]
	at org.springframework.data.jpa.repository.query.JpaQueryMethod.<init>(JpaQueryMethod.java:139) ~[spring-data-jpa-2.5.1.jar:2.5.1]
	at org.springframework.data.jpa.repository.query.DefaultJpaQueryMethodFactory.build(DefaultJpaQueryMethodFactory.java:44) ~[spring-data-jpa-2.5.1.jar:2.5.1]
	at org.springframework.data.jpa.repository.query.JpaQueryLookupStrategy$AbstractQueryLookupStrategy.resolveQuery(JpaQueryLookupStrategy.java:81) ~[spring-data-jpa-2.5.1.jar:2.5.1]
	at org.springframework.data.repository.core.support.QueryExecutorMethodInterceptor.lookupQuery(QueryExecutorMethodInterceptor.java:102) ~[spring-data-commons-2.5.1.jar:2.5.1]
	... 71 common frames omitted

2021-06-29 11:14:32.625  INFO 31888 --- [restartedMain] c.e.addressbook.AddressBookApplication   : Starting AddressBookApplication using Java 15.0.2 on LAPTOP-Q9T3UUC8 with PID 31888 (C:\Users\tanya\Documents\workspace-spring-tool-suite-4-4.10.0.RELEASE\addressBook\bin\main started by tanya in C:\Users\tanya\Documents\workspace-spring-tool-suite-4-4.10.0.RELEASE\addressBook)
2021-06-29 11:14:32.625 DEBUG 31888 --- [restartedMain] c.e.addressbook.AddressBookApplication   : Running with Spring Boot v2.5.1, Spring v5.3.8
2021-06-29 11:14:32.625  INFO 31888 --- [restartedMain] c.e.addressbook.AddressBookApplication   : The following profiles are active: dev
2021-06-29 11:14:33.295  WARN 31888 --- [restartedMain] JpaBaseConfiguration$JpaWebConfiguration : spring.jpa.open-in-view is enabled by default. Therefore, database queries may be performed during view rendering. Explicitly configure spring.jpa.open-in-view to disable this warning
2021-06-29 11:14:33.449  INFO 31888 --- [restartedMain] c.e.addressbook.AddressBookApplication   : Started AddressBookApplication in 0.882 seconds (JVM running for 263.133)
2021-06-29 11:14:33.452  INFO 31888 --- [restartedMain] c.e.addressbook.AddressBookApplication   : Address Book app started in DEV Environment
2021-06-29 11:14:33.452  INFO 31888 --- [restartedMain] c.e.addressbook.AddressBookApplication   : Address Book DB user is addressbookuser 
